<?xml version="1.0" encoding="UTF-8"?>
<!-- Generated by org.testng.reporters.JUnitXMLReporter -->
<testsuite hostname="EPPLKRAW0119" name="Clonning Excel file and verifying" tests="13" failures="7" timestamp="20 Oct 2015 11:53:41 GMT" time="0.838" errors="0">
  <testcase name="verifyingTheClonnedFile" time="0.052" classname="test.java.PlayingWithExcelFiles"/>
  <testcase name="verifyingTheClonnedFile" time="0.056" classname="test.java.PlayingWithExcelFiles"/>
  <testcase name="verifyingTheClonnedFile" time="0.054" classname="test.java.PlayingWithExcelFiles">
    <failure type="java.lang.AssertionError" message="Test failed as &amp;apos;pass&amp;apos; was not found expected [true] but found [false]">
      <![CDATA[java.lang.AssertionError: Test failed as 'pass' was not found expected [true] but found [false]
	at test.java.PlayingWithExcelFiles.verifyingTheClonnedFile(PlayingWithExcelFiles.java:35)
... Removed 31 stack frames]]>
    </failure>
  </testcase> <!-- verifyingTheClonnedFile -->
  <testcase name="verifyingTheClonnedFile" time="0.06" classname="test.java.PlayingWithExcelFiles">
    <failure type="java.lang.AssertionError" message="Test failed as &amp;apos;pass&amp;apos; was not found expected [true] but found [false]">
      <![CDATA[java.lang.AssertionError: Test failed as 'pass' was not found expected [true] but found [false]
	at test.java.PlayingWithExcelFiles.verifyingTheClonnedFile(PlayingWithExcelFiles.java:35)
... Removed 31 stack frames]]>
    </failure>
  </testcase> <!-- verifyingTheClonnedFile -->
  <testcase name="verifyingTheClonnedFile" time="0.042" classname="test.java.PlayingWithExcelFiles"/>
  <testcase name="verifyingTheClonnedFile" time="0.046" classname="test.java.PlayingWithExcelFiles">
    <failure type="java.lang.AssertionError" message="Test failed as &amp;apos;pass&amp;apos; was not found expected [true] but found [false]">
      <![CDATA[java.lang.AssertionError: Test failed as 'pass' was not found expected [true] but found [false]
	at test.java.PlayingWithExcelFiles.verifyingTheClonnedFile(PlayingWithExcelFiles.java:35)
... Removed 31 stack frames]]>
    </failure>
  </testcase> <!-- verifyingTheClonnedFile -->
  <testcase name="verifyingTheClonnedFile" time="0.084" classname="test.java.PlayingWithExcelFiles">
    <failure type="java.lang.AssertionError" message="Test failed as &amp;apos;pass&amp;apos; was not found expected [true] but found [false]">
      <![CDATA[java.lang.AssertionError: Test failed as 'pass' was not found expected [true] but found [false]
	at test.java.PlayingWithExcelFiles.verifyingTheClonnedFile(PlayingWithExcelFiles.java:35)
... Removed 31 stack frames]]>
    </failure>
  </testcase> <!-- verifyingTheClonnedFile -->
  <testcase name="verifyingTheClonnedFile" time="0.06" classname="test.java.PlayingWithExcelFiles"/>
  <testcase name="verifyingTheClonnedFile" time="0.022" classname="test.java.PlayingWithExcelFiles">
    <failure type="java.lang.AssertionError" message="Test failed as &amp;apos;pass&amp;apos; was not found expected [true] but found [false]">
      <![CDATA[java.lang.AssertionError: Test failed as 'pass' was not found expected [true] but found [false]
	at test.java.PlayingWithExcelFiles.verifyingTheClonnedFile(PlayingWithExcelFiles.java:35)
... Removed 31 stack frames]]>
    </failure>
  </testcase> <!-- verifyingTheClonnedFile -->
  <testcase name="verifyingTheClonnedFile" time="0.071" classname="test.java.PlayingWithExcelFiles"/>
  <testcase name="verifyingTheClonnedFile" time="0.096" classname="test.java.PlayingWithExcelFiles">
    <failure type="java.lang.AssertionError" message="Test failed as &amp;apos;pass&amp;apos; was not found expected [true] but found [false]">
      <![CDATA[java.lang.AssertionError: Test failed as 'pass' was not found expected [true] but found [false]
	at test.java.PlayingWithExcelFiles.verifyingTheClonnedFile(PlayingWithExcelFiles.java:35)
... Removed 31 stack frames]]>
    </failure>
  </testcase> <!-- verifyingTheClonnedFile -->
  <testcase name="verifyingTheClonnedFile" time="0.095" classname="test.java.PlayingWithExcelFiles">
    <failure type="java.lang.AssertionError" message="Test failed as &amp;apos;pass&amp;apos; was not found expected [true] but found [false]">
      <![CDATA[java.lang.AssertionError: Test failed as 'pass' was not found expected [true] but found [false]
	at test.java.PlayingWithExcelFiles.verifyingTheClonnedFile(PlayingWithExcelFiles.java:35)
... Removed 31 stack frames]]>
    </failure>
  </testcase> <!-- verifyingTheClonnedFile -->
  <testcase name="verifyingTheClonnedFile" time="0.044" classname="test.java.PlayingWithExcelFiles"/>
</testsuite> <!-- Clonning Excel file and verifying -->
